<?xml version="1.0" encoding="UTF-8"?>
<!-- Generated by org.testng.reporters.JUnitReportReporter -->
<testsuite hostname="DESKTOP-FSQTRJ3" failures="0" tests="2" name="TestCases.loginTestCases" time="43.853" errors="0" timestamp="2025-01-08T19:18:52 IST" skipped="0">
  <testcase classname="TestCases.loginTestCases" name="verifyValidLogin" time="21.732"/>
  <testcase classname="TestCases.loginTestCases" name="verifyInvalidLogin" time="22.121"/>
</testsuite> <!-- TestCases.loginTestCases -->
