<?xml version="1.0" encoding="UTF-8"?>
<!-- Generated by org.testng.reporters.JUnitReportReporter -->
<testsuite hostname="DESKTOP-FSQTRJ3" failures="0" tests="1" name="TestCases.fillMyInfoTestCase" time="83.939" errors="0" timestamp="2025-01-09T10:54:59 IST" skipped="0">
  <testcase classname="TestCases.fillMyInfoTestCase" name="fillMyInfo" time="83.939"/>
</testsuite> <!-- TestCases.fillMyInfoTestCase -->
