<?xml version="1.0" encoding="UTF-8"?>
<!-- Generated by org.testng.reporters.JUnitReportReporter -->
<testsuite hostname="DESKTOP-FSQTRJ3" failures="0" tests="2" name="TestCases.loginTestCases" time="66.524" errors="0" timestamp="2025-01-13T18:43:39 IST" skipped="0">
  <testcase classname="TestCases.loginTestCases" name="verifyValidLogin" time="30.602"/>
  <system-out/>
  <testcase classname="TestCases.loginTestCases" name="verifyInvalidLogin" time="35.922"/>
  <system-out/>
</testsuite> <!-- TestCases.loginTestCases -->
