<?xml version="1.0" encoding="UTF-8"?>
<!-- Generated by org.testng.reporters.JUnitReportReporter -->
<testsuite hostname="DESKTOP-FSQTRJ3" failures="0" tests="2" name="TestCases.loginTestCases" time="56.334" errors="0" timestamp="2025-01-09T12:10:39 IST" skipped="0">
  <testcase classname="TestCases.loginTestCases" name="verifyValidLogin" time="28.830"/>
  <system-out/>
  <testcase classname="TestCases.loginTestCases" name="verifyInvalidLogin" time="27.504"/>
  <system-out/>
</testsuite> <!-- TestCases.loginTestCases -->
