<?xml version="1.0" encoding="UTF-8"?>
<!-- Generated by org.testng.reporters.JUnitReportReporter -->
<testsuite hostname="DESKTOP-FSQTRJ3" failures="0" tests="2" name="TestCases.loginTestCases" time="46.883" errors="0" timestamp="2025-01-09T12:01:22 IST" skipped="0">
  <testcase classname="TestCases.loginTestCases" name="verifyValidLogin" time="23.877"/>
  <system-out/>
  <testcase classname="TestCases.loginTestCases" name="verifyInvalidLogin" time="23.006"/>
  <system-out/>
</testsuite> <!-- TestCases.loginTestCases -->
