<?xml version="1.0" encoding="UTF-8"?>
<!-- Generated by org.testng.reporters.JUnitReportReporter -->
<testsuite hostname="DESKTOP-FSQTRJ3" failures="0" tests="1" name="TestCases.fillMyInfoTestCase" time="94.054" errors="0" timestamp="2025-01-09T12:59:43 IST" skipped="0">
  <testcase classname="TestCases.fillMyInfoTestCase" name="fillMyInfo" time="94.054"/>
  <system-out/>
</testsuite> <!-- TestCases.fillMyInfoTestCase -->
