<?xml version="1.0" encoding="UTF-8"?>
<!-- Generated by org.testng.reporters.JUnitReportReporter -->
<testsuite hostname="DESKTOP-FSQTRJ3" failures="0" tests="2" name="TestCases.loginTestCases" time="51.130" errors="0" timestamp="2025-01-09T11:21:41 IST" skipped="0">
  <testcase classname="TestCases.loginTestCases" name="verifyValidLogin" time="27.970"/>
  <system-out/>
  <testcase classname="TestCases.loginTestCases" name="verifyInvalidLogin" time="23.160"/>
  <system-out/>
</testsuite> <!-- TestCases.loginTestCases -->
