<?xml version="1.0" encoding="UTF-8"?>
<!-- Generated by org.testng.reporters.JUnitReportReporter -->
<testsuite hostname="DESKTOP-FSQTRJ3" failures="0" tests="2" name="TestCases.loginTestCases" time="42.261" errors="0" timestamp="2025-01-09T11:12:19 IST" skipped="0">
  <testcase classname="TestCases.loginTestCases" name="verifyValidLogin" time="21.921"/>
  <system-out/>
  <testcase classname="TestCases.loginTestCases" name="verifyInvalidLogin" time="20.340"/>
  <system-out/>
</testsuite> <!-- TestCases.loginTestCases -->
