<?xml version="1.0" encoding="UTF-8"?>
<!-- Generated by org.testng.reporters.JUnitReportReporter -->
<testsuite hostname="DESKTOP-FSQTRJ3" failures="0" tests="1" name="TestCases.fillMyInfoTestCase" time="96.978" errors="0" timestamp="2025-01-09T13:08:17 IST" skipped="0">
  <testcase classname="TestCases.fillMyInfoTestCase" name="fillMyInfo" time="96.978"/>
</testsuite> <!-- TestCases.fillMyInfoTestCase -->
