<?xml version="1.0" encoding="UTF-8"?>
<!-- Generated by org.testng.reporters.JUnitReportReporter -->
<testsuite hostname="DESKTOP-FSQTRJ3" failures="0" tests="2" name="TestCases.loginTestCases" time="69.195" errors="0" timestamp="2025-01-09T13:08:17 IST" skipped="0">
  <testcase classname="TestCases.loginTestCases" name="verifyValidLogin" time="33.501"/>
  <testcase classname="TestCases.loginTestCases" name="verifyInvalidLogin" time="35.694"/>
</testsuite> <!-- TestCases.loginTestCases -->
